<?xml version="1.0" encoding="UTF-8"?>
<!-- Generated by org.testng.reporters.JUnitReportReporter -->
<testsuite skipped="0" hostname="ATMECSINLT-516" name="com.demo.TestCases.TC2_Register" tests="1" failures="0" timestamp="2019-11-28T16:58:14 IST" time="18.044" errors="0">
  <testcase name="Register" time="18.044" classname="com.demo.TestCases.TC2_Register"/>
</testsuite> <!-- com.demo.TestCases.TC2_Register -->
