<?xml version="1.0" encoding="UTF-8"?>
<!-- Generated by org.testng.reporters.JUnitReportReporter -->
<testsuite skipped="0" hostname="ATMECSINLT-516" name="com.demo.TestCases.NewTest" tests="1" failures="0" timestamp="2019-11-15T17:09:19 IST" time="6.902" errors="0">
  <testcase name="Login" time="6.902" classname="com.demo.TestCases.NewTest"/>
</testsuite> <!-- com.demo.TestCases.NewTest -->
